Determining if the Q_WS_WIN exist failed with the following output:
Change Dir: /home/mmh/softwares/FaceRecognition/build/CMakeFiles/CMakeTmp

Run Build Command:/usr/bin/gmake "cmTryCompileExec2582623987/fast"
/usr/bin/gmake -f CMakeFiles/cmTryCompileExec2582623987.dir/build.make CMakeFiles/cmTryCompileExec2582623987.dir/build
gmake[1]: Entering directory `/home/mmh/softwares/FaceRecognition/build/CMakeFiles/CMakeTmp'
/usr/bin/cmake -E cmake_progress_report /home/mmh/softwares/FaceRecognition/build/CMakeFiles/CMakeTmp/CMakeFiles 1
Building CXX object CMakeFiles/cmTryCompileExec2582623987.dir/CheckSymbolExists.cxx.o
/usr/bin/c++    -fopenmp -fPIC   -I/usr/include/qt4    -o CMakeFiles/cmTryCompileExec2582623987.dir/CheckSymbolExists.cxx.o -c /home/mmh/softwares/FaceRecognition/build/CMakeFiles/CMakeTmp/CheckSymbolExists.cxx
/home/mmh/softwares/FaceRecognition/build/CMakeFiles/CMakeTmp/CheckSymbolExists.cxx: In function ‘int main(int, char**)’:
/home/mmh/softwares/FaceRecognition/build/CMakeFiles/CMakeTmp/CheckSymbolExists.cxx:8:19: error: ‘Q_WS_WIN’ was not declared in this scope
gmake[1]: *** [CMakeFiles/cmTryCompileExec2582623987.dir/CheckSymbolExists.cxx.o] Error 1
gmake[1]: Leaving directory `/home/mmh/softwares/FaceRecognition/build/CMakeFiles/CMakeTmp'
gmake: *** [cmTryCompileExec2582623987/fast] Error 2

File /home/mmh/softwares/FaceRecognition/build/CMakeFiles/CMakeTmp/CheckSymbolExists.cxx:
/* */
#include <QtCore/qglobal.h>

int main(int argc, char** argv)
{
  (void)argv;
#ifndef Q_WS_WIN
  return ((int*)(&Q_WS_WIN))[argc];
#else
  (void)argc;
  return 0;
#endif
}

Determining if the Q_WS_QWS exist failed with the following output:
Change Dir: /home/mmh/softwares/FaceRecognition/build/CMakeFiles/CMakeTmp

Run Build Command:/usr/bin/gmake "cmTryCompileExec11157168/fast"
/usr/bin/gmake -f CMakeFiles/cmTryCompileExec11157168.dir/build.make CMakeFiles/cmTryCompileExec11157168.dir/build
gmake[1]: Entering directory `/home/mmh/softwares/FaceRecognition/build/CMakeFiles/CMakeTmp'
/usr/bin/cmake -E cmake_progress_report /home/mmh/softwares/FaceRecognition/build/CMakeFiles/CMakeTmp/CMakeFiles 1
Building CXX object CMakeFiles/cmTryCompileExec11157168.dir/CheckSymbolExists.cxx.o
/usr/bin/c++    -fopenmp -fPIC   -I/usr/include/qt4    -o CMakeFiles/cmTryCompileExec11157168.dir/CheckSymbolExists.cxx.o -c /home/mmh/softwares/FaceRecognition/build/CMakeFiles/CMakeTmp/CheckSymbolExists.cxx
/home/mmh/softwares/FaceRecognition/build/CMakeFiles/CMakeTmp/CheckSymbolExists.cxx: In function ‘int main(int, char**)’:
/home/mmh/softwares/FaceRecognition/build/CMakeFiles/CMakeTmp/CheckSymbolExists.cxx:8:19: error: ‘Q_WS_QWS’ was not declared in this scope
gmake[1]: Leaving directory `/home/mmh/softwares/FaceRecognition/build/CMakeFiles/CMakeTmp'
gmake[1]: *** [CMakeFiles/cmTryCompileExec11157168.dir/CheckSymbolExists.cxx.o] Error 1
gmake: *** [cmTryCompileExec11157168/fast] Error 2

File /home/mmh/softwares/FaceRecognition/build/CMakeFiles/CMakeTmp/CheckSymbolExists.cxx:
/* */
#include <QtCore/qglobal.h>

int main(int argc, char** argv)
{
  (void)argv;
#ifndef Q_WS_QWS
  return ((int*)(&Q_WS_QWS))[argc];
#else
  (void)argc;
  return 0;
#endif
}

Determining if the Q_WS_MAC exist failed with the following output:
Change Dir: /home/mmh/softwares/FaceRecognition/build/CMakeFiles/CMakeTmp

Run Build Command:/usr/bin/gmake "cmTryCompileExec580830808/fast"
/usr/bin/gmake -f CMakeFiles/cmTryCompileExec580830808.dir/build.make CMakeFiles/cmTryCompileExec580830808.dir/build
gmake[1]: Entering directory `/home/mmh/softwares/FaceRecognition/build/CMakeFiles/CMakeTmp'
/usr/bin/cmake -E cmake_progress_report /home/mmh/softwares/FaceRecognition/build/CMakeFiles/CMakeTmp/CMakeFiles 1
Building CXX object CMakeFiles/cmTryCompileExec580830808.dir/CheckSymbolExists.cxx.o
/usr/bin/c++    -fopenmp -fPIC   -I/usr/include/qt4    -o CMakeFiles/cmTryCompileExec580830808.dir/CheckSymbolExists.cxx.o -c /home/mmh/softwares/FaceRecognition/build/CMakeFiles/CMakeTmp/CheckSymbolExists.cxx
/home/mmh/softwares/FaceRecognition/build/CMakeFiles/CMakeTmp/CheckSymbolExists.cxx: In function ‘int main(int, char**)’:
/home/mmh/softwares/FaceRecognition/build/CMakeFiles/CMakeTmp/CheckSymbolExists.cxx:8:19: error: ‘Q_WS_MAC’ was not declared in this scope
gmake[1]: *** [CMakeFiles/cmTryCompileExec580830808.dir/CheckSymbolExists.cxx.o] Error 1
gmake[1]: Leaving directory `/home/mmh/softwares/FaceRecognition/build/CMakeFiles/CMakeTmp'
gmake: *** [cmTryCompileExec580830808/fast] Error 2

File /home/mmh/softwares/FaceRecognition/build/CMakeFiles/CMakeTmp/CheckSymbolExists.cxx:
/* */
#include <QtCore/qglobal.h>

int main(int argc, char** argv)
{
  (void)argv;
#ifndef Q_WS_MAC
  return ((int*)(&Q_WS_MAC))[argc];
#else
  (void)argc;
  return 0;
#endif
}

Performing C++ SOURCE FILE Test _OFFT_IS_64BIT failed with the following output:
Change Dir: /home/mmh/softwares/FaceRecognition/build/CMakeFiles/CMakeTmp

Run Build Command:/usr/bin/gmake "cmTryCompileExec214252046/fast"
/usr/bin/gmake -f CMakeFiles/cmTryCompileExec214252046.dir/build.make CMakeFiles/cmTryCompileExec214252046.dir/build
gmake[1]: Entering directory `/home/mmh/softwares/FaceRecognition/build/CMakeFiles/CMakeTmp'
/usr/bin/cmake -E cmake_progress_report /home/mmh/softwares/FaceRecognition/build/CMakeFiles/CMakeTmp/CMakeFiles 1
Building CXX object CMakeFiles/cmTryCompileExec214252046.dir/src.cxx.o
/usr/bin/c++    -fopenmp -fPIC  -D_OFFT_IS_64BIT   -o CMakeFiles/cmTryCompileExec214252046.dir/src.cxx.o -c /home/mmh/softwares/FaceRecognition/build/CMakeFiles/CMakeTmp/src.cxx
/home/mmh/softwares/FaceRecognition/build/CMakeFiles/CMakeTmp/src.cxx:9:23: warning: left shift count >= width of type
/home/mmh/softwares/FaceRecognition/build/CMakeFiles/CMakeTmp/src.cxx:9:23: warning: left shift count >= width of type
/home/mmh/softwares/FaceRecognition/build/CMakeFiles/CMakeTmp/src.cxx:9:97: error: size of array ‘off_t_is_large’ is negative
gmake[1]: *** [CMakeFiles/cmTryCompileExec214252046.dir/src.cxx.o] Error 1
gmake[1]: Leaving directory `/home/mmh/softwares/FaceRecognition/build/CMakeFiles/CMakeTmp'
gmake: *** [cmTryCompileExec214252046/fast] Error 2

Source file was:

#include <sys/types.h>
 /* Check that off_t can represent 2**63 - 1 correctly.
    We can't simply define LARGE_OFF_T to be 9223372036854775807,
    since some C++ compilers masquerading as C compilers
    incorrectly reject 9223372036854775807.  */
#define LARGE_OFF_T (((off_t) 1 << 62) - 1 + ((off_t) 1 << 62))

  int off_t_is_large[(LARGE_OFF_T % 2147483629 == 721 && LARGE_OFF_T % 2147483647 == 1) ? 1 : -1];
  int main() { return 0; }

